{
  "stats": {
    "suites": 1,
    "tests": 3,
    "passes": 3,
    "pending": 0,
    "failures": 0,
    "start": "2024-11-14T19:45:58.361Z",
    "end": "2024-11-14T19:46:19.402Z",
    "duration": 21041,
    "testsRegistered": 3,
    "passPercent": 100,
    "pendingPercent": 0,
    "other": 0,
    "hasOther": false,
    "skipped": 0,
    "hasSkipped": false
  },
  "results": [
    {
      "uuid": "a166b1ec-e986-41af-859e-c565a66336ed",
      "title": "",
      "fullFile": "cypress\\e2e\\Otomasyon\\login-tests.cy.js",
      "file": "cypress\\e2e\\Otomasyon\\login-tests.cy.js",
      "beforeHooks": [],
      "afterHooks": [],
      "tests": [],
      "suites": [
        {
          "uuid": "8f48c55c-a20b-47ef-93a8-a2d2240c3f36",
          "title": "Login Tests",
          "fullFile": "",
          "file": "",
          "beforeHooks": [],
          "afterHooks": [],
          "tests": [
            {
              "title": "Başarılı kullanıcı girişi kontrolü",
              "fullTitle": "Login Tests Başarılı kullanıcı girişi kontrolü",
              "timedOut": null,
              "duration": 4184,
              "state": "passed",
              "speed": "fast",
              "pass": true,
              "fail": false,
              "pending": false,
              "context": null,
              "code": "loginPage.fillEmail(\"ozgenurkoc@outlook.com\").fillpassword(\"KALAMAR10.\").clickLogin();",
              "err": {},
              "uuid": "1654ebd0-bd19-4356-96cc-940e51684219",
              "parentUUID": "8f48c55c-a20b-47ef-93a8-a2d2240c3f36",
              "isHook": false,
              "skipped": false
            },
            {
              "title": "Başarısız kullanıcı girişi kontrolü",
              "fullTitle": "Login Tests Başarısız kullanıcı girişi kontrolü",
              "timedOut": null,
              "duration": 3518,
              "state": "passed",
              "speed": "fast",
              "pass": true,
              "fail": false,
              "pending": false,
              "context": null,
              "code": "loginPage.fillEmail(\"ozgenurkoc@outlook.com\").fillpassword(\"KALAMAR17.\").clickLogin();",
              "err": {},
              "uuid": "7a362138-27fd-4e02-bc48-cf14b945f7e1",
              "parentUUID": "8f48c55c-a20b-47ef-93a8-a2d2240c3f36",
              "isHook": false,
              "skipped": false
            },
            {
              "title": "Başarılı ürün seçimi kontrolü",
              "fullTitle": "Login Tests Başarılı ürün seçimi kontrolü",
              "timedOut": null,
              "duration": 10657,
              "state": "passed",
              "speed": "slow",
              "pass": true,
              "fail": false,
              "pending": false,
              "context": null,
              "code": "Cypress.on('uncaught:exception', () => {\n  return false;\n});\nloginPage.fillEmail(\"ozgenurkoc@outlook.com\").fillpassword(\"KALAMAR10.\").clickLogin();\ncy.wait(longwait);\ncy.get(\"[id='search']\").type(\"wella 6/73\");\ncy.wait(longwait);\ncy.get(\"[title='Arama']\").click();",
              "err": {},
              "uuid": "050a4ba2-73f9-44bd-a8fe-7af1b9be9c17",
              "parentUUID": "8f48c55c-a20b-47ef-93a8-a2d2240c3f36",
              "isHook": false,
              "skipped": false
            }
          ],
          "suites": [],
          "passes": [
            "1654ebd0-bd19-4356-96cc-940e51684219",
            "7a362138-27fd-4e02-bc48-cf14b945f7e1",
            "050a4ba2-73f9-44bd-a8fe-7af1b9be9c17"
          ],
          "failures": [],
          "pending": [],
          "skipped": [],
          "duration": 18359,
          "root": false,
          "rootEmpty": false,
          "_timeout": 2000
        }
      ],
      "passes": [],
      "failures": [],
      "pending": [],
      "skipped": [],
      "duration": 0,
      "root": true,
      "rootEmpty": true,
      "_timeout": 2000
    }
  ],
  "meta": {
    "mocha": {
      "version": "7.0.1"
    },
    "mochawesome": {
      "options": {
        "quiet": false,
        "reportFilename": "mochawesome",
        "saveHtml": true,
        "saveJson": true,
        "consoleReporter": "spec",
        "useInlineDiffs": false,
        "code": true
      },
      "version": "7.1.3"
    },
    "marge": {
      "options": {
        "reportDir": "cypress/results",
        "overwrite": false,
        "html": true,
        "json": true
      },
      "version": "6.2.0"
    }
  }
}